1685113551011	geckodriver	INFO	Listening on 127.0.0.1:61066
1685113554085	mozrunner::runner	INFO	Running command: "C:\\Program Files\\Mozilla Firefox\\firefox.exe" "--marionette" "--remote-debugging-port" "61067" "--remote-allow-hosts" "localhost" "-no-remote" "-profile" "C:\\Users\\Zbook\\AppData\\Local\\Temp\\rust_mozprofileLzj6Wn"
1685113555084	Marionette	INFO	Marionette enabled
console.warn: SearchSettings: "get: No settings file exists, new profile?" (new NotFoundError("Could not open the file at C:\\Users\\Zbook\\AppData\\Local\\Temp\\rust_mozprofileLzj6Wn\\search.json.mozlz4", (void 0)))
DevTools listening on ws://localhost:61067/devtools/browser/d62f1b96-cc02-4daf-a717-5c33a6abeea2
1685113559733	Marionette	INFO	Listening on port 61075
1685113559956	RemoteAgent	WARN	TLS certificate errors will be ignored for this session
JavaScript error: https://media.ethicalads.io/media/client/v1.4.0/ethicalads.min.js, line 1: Error: No ad placements found.
JavaScript error: resource:///actors/FormValidationChild.jsm, line 177: TypeError: this._element is null
JavaScript error: resource://gre/actors/AutoCompleteChild.jsm, line 125: Error: Invalid autocomplete selectedIndex
1685113565665	Marionette	INFO	Stopped listening on port 61075
JavaScript error: resource:///modules/Interactions.jsm, line 230: NS_ERROR_FAILURE: Component returned failure code: 0x80004005 (NS_ERROR_FAILURE) [nsIUserIdleService.removeIdleObserver]

###!!! [Child][RunMessage] Error: Channel closing: too late to send/recv, messages will be lost

1685113635379	geckodriver	INFO	Listening on 127.0.0.1:61155
1685113638451	mozrunner::runner	INFO	Running command: "C:\\Program Files\\Mozilla Firefox\\firefox.exe" "--marionette" "--remote-debugging-port" "61156" "--remote-allow-hosts" "localhost" "-no-remote" "-profile" "C:\\Users\\Zbook\\AppData\\Local\\Temp\\rust_mozprofile3AqUDz"
1685113638955	Marionette	INFO	Marionette enabled
console.warn: SearchSettings: "get: No settings file exists, new profile?" (new NotFoundError("Could not open the file at C:\\Users\\Zbook\\AppData\\Local\\Temp\\rust_mozprofile3AqUDz\\search.json.mozlz4", (void 0)))
DevTools listening on ws://localhost:61156/devtools/browser/a5910771-9ca0-4e37-98d6-20bfafd16b5b
1685113642205	Marionette	INFO	Listening on port 61161
1685113642670	RemoteAgent	WARN	TLS certificate errors will be ignored for this session
1685113657830	Marionette	INFO	Stopped listening on port 61161
JavaScript error: resource:///modules/Interactions.jsm, line 230: NS_ERROR_FAILURE: Component returned failure code: 0x80004005 (NS_ERROR_FAILURE) [nsIUserIdleService.removeIdleObserver]
JavaScript error: chrome://remote/content/marionette/cert.js, line 55: NS_ERROR_NOT_AVAILABLE: Component returned failure code: 0x80040111 (NS_ERROR_NOT_AVAILABLE) [nsICertOverrideService.setDisableAllSecurityChecksAndLetAttackersInterceptMyData]
1685113850503	geckodriver	INFO	Listening on 127.0.0.1:61321
1685113853577	mozrunner::runner	INFO	Running command: "C:\\Program Files\\Mozilla Firefox\\firefox.exe" "--marionette" "--remote-debugging-port" "61322" "--remote-allow-hosts" "localhost" "-no-remote" "-profile" "C:\\Users\\Zbook\\AppData\\Local\\Temp\\rust_mozprofileOifL35"
1685113854183	Marionette	INFO	Marionette enabled
console.warn: SearchSettings: "get: No settings file exists, new profile?" (new NotFoundError("Could not open the file at C:\\Users\\Zbook\\AppData\\Local\\Temp\\rust_mozprofileOifL35\\search.json.mozlz4", (void 0)))
DevTools listening on ws://localhost:61322/devtools/browser/f82468fd-d059-4196-8b94-338004c728a1
1685113857317	Marionette	INFO	Listening on port 61330
1685113857792	RemoteAgent	WARN	TLS certificate errors will be ignored for this session
JavaScript error: https://media.ethicalads.io/media/client/v1.4.0/ethicalads.min.js, line 1: Error: No ad placements found.
JavaScript error: resource:///actors/FormValidationChild.jsm, line 177: TypeError: this._element is null
JavaScript error: resource://gre/actors/AutoCompleteChild.jsm, line 125: Error: Invalid autocomplete selectedIndex
1685113860885	Marionette	INFO	Stopped listening on port 61330
JavaScript error: resource:///modules/Interactions.jsm, line 230: NS_ERROR_FAILURE: Component returned failure code: 0x80004005 (NS_ERROR_FAILURE) [nsIUserIdleService.removeIdleObserver]

###!!! [Child][RunMessage] Error: Channel closing: too late to send/recv, messages will be lost


###!!! [Parent][MessageChannel] Error: (msgtype=0x390077,name=PContent::Msg_DestroyBrowsingContextGroup) Closed channel: cannot send/recv

JavaScript error: resource://gre/modules/Sqlite.jsm, line 1030: Error: Sqlite.jsm has been shutdown. Cannot open connection to: C:\Users\Zbook\AppData\Local\Temp\rust_mozprofileOifL35\protections.sqlite
